<?xml version="1.0" encoding="UTF-8"?>
<testsuite name="TimeFormatTest" tests="1" skipped="0" failures="0" errors="0" timestamp="2022-02-20T17:25:31" hostname="DESKTOP-MBC93ML" time="0.015">
  <properties/>
  <testcase name="test()" classname="TimeFormatTest" time="0.015"/>
  <system-out><![CDATA[]]></system-out>
  <system-err><![CDATA[]]></system-err>
</testsuite>
